
[2025-06-12T19:54:36.386Z]
IP: ::ffff:127.0.0.1
Method: GET
URL: /blog/
Body: {"title":"herere","description":"hey this is desc and thiltse si alreay added","author":"shantnau singj"}
---------------------------------------

[2025-06-12T19:55:25.165Z]
IP: ::ffff:127.0.0.1
Method: POST
URL: /blog/
Body: {"title":"thi is thr fucking title ","description":"this is ablog and the bglog is very goof","author":"sanam singh"}
---------------------------------------

[2025-06-12T19:56:10.195Z]
IP: ::ffff:127.0.0.1
Method: GET
URL: /blog/
Body: {"title":"thi is thr fucking title ","description":"this is ablog and the bglog is very goof","author":"sanam singh"}
---------------------------------------

[2025-06-12T19:56:13.736Z]
IP: ::ffff:127.0.0.1
Method: GET
URL: /
Body: {"title":"thi is thr fucking title ","description":"this is ablog and the bglog is very goof","author":"sanam singh"}
---------------------------------------

[2025-06-12T19:56:29.030Z]
IP: ::ffff:127.0.0.1
Method: GET
URL: /
Body: {"title":"thi is thr fucking title ","description":"this is ablog and the bglog is very goof","author":"sanam singh"}
---------------------------------------

[2025-06-12T19:56:29.212Z]
IP: ::ffff:127.0.0.1
Method: GET
URL: /
Body: {"title":"thi is thr fucking title ","description":"this is ablog and the bglog is very goof","author":"sanam singh"}
---------------------------------------

[2025-06-12T19:56:29.604Z]
IP: ::ffff:127.0.0.1
Method: GET
URL: /
Body: {"title":"thi is thr fucking title ","description":"this is ablog and the bglog is very goof","author":"sanam singh"}
---------------------------------------
